<?xml version="1.0" encoding="UTF-8"?>
<!-- Generated by org.testng.reporters.JUnitXMLReporter -->
<testsuite ignored="0" hostname="ZCHD-CQR-LOVISH-KAMRA" failures="0" tests="4" name="Default test" time="7.213" errors="0" timestamp="25 May 2022 11:34:59 GMT">
  <testcase classname="New_Project.SampleProject.TestCases" name="testCreateUser" time="1.215"/>
  <testcase classname="New_Project.SampleProject.TestCases" name="testFetchUser" time="3.687"/>
  <testcase classname="New_Project.SampleProject.TestCases" name="testLoginSuccessful" time="0.646"/>
  <testcase classname="New_Project.SampleProject.TestCases" name="testSingleUser" time="0.714"/>
</testsuite> <!-- Default test -->
