<?xml version="1.0" encoding="UTF-8"?>
<!-- Generated by org.testng.reporters.JUnitXMLReporter -->
<testsuite ignored="0" hostname="ZCHD-CQR-LOVISH-KAMRA" failures="0" tests="4" name="Default test" time="6.662" errors="0" timestamp="27 May 2022 08:29:39 GMT">
  <testcase classname="New_Project.SampleProject.TestCases" name="testCreateUser" time="1.151"/>
  <testcase classname="New_Project.SampleProject.TestCases" name="testFetchUser" time="3.617"/>
  <testcase classname="New_Project.SampleProject.TestCases" name="testLoginSuccessful" time="0.615"/>
  <testcase classname="New_Project.SampleProject.TestCases" name="testSingleUser" time="0.553"/>
</testsuite> <!-- Default test -->
