<?xml version="1.0" encoding="UTF-8"?>
<!-- Generated by org.testng.reporters.JUnitXMLReporter -->
<testsuite ignored="0" hostname="ZCHD-CQR-LOVISH-KAMRA" failures="0" tests="4" name="Demo API Tests" time="7.077" errors="0" timestamp="30 May 2022 05:24:20 GMT">
  <testcase classname="New_Project.SampleProject.TestCases" name="testCreateUser" time="1.521"/>
  <testcase classname="New_Project.SampleProject.TestCases" name="testFetchUser" time="3.591"/>
  <testcase classname="New_Project.SampleProject.TestCases" name="testLoginSuccessful" time="0.579"/>
  <testcase classname="New_Project.SampleProject.TestCases" name="testSingleUser" time="0.531"/>
</testsuite> <!-- Demo API Tests -->
