<?xml version="1.0" encoding="UTF-8"?>
<!-- Generated by org.testng.reporters.JUnitXMLReporter -->
<testsuite ignored="0" hostname="ZCHD-CQR-LOVISH-KAMRA" failures="0" tests="4" name="Demo API Tests" time="6.79" errors="0" timestamp="27 May 2022 09:14:39 GMT">
  <testcase classname="New_Project.SampleProject.TestCases" name="testCreateUser" time="1.295"/>
  <testcase classname="New_Project.SampleProject.TestCases" name="testFetchUser" time="3.591"/>
  <testcase classname="New_Project.SampleProject.TestCases" name="testLoginSuccessful" time="0.59"/>
  <testcase classname="New_Project.SampleProject.TestCases" name="testSingleUser" time="0.596"/>
</testsuite> <!-- Demo API Tests -->
