<?xml version="1.0" encoding="UTF-8"?>
<!-- Generated by org.testng.reporters.JUnitXMLReporter -->
<testsuite ignored="0" hostname="ZCHD-CQR-LOVISH-KAMRA" failures="0" tests="5" name="Demo API Tests" time="9.848" errors="0" timestamp="30 May 2022 05:24:10 GMT">
  <testcase classname="New_Project.Project_Assignment.TestCases" name="HealthCheck" time="2.573"/>
  <testcase classname="New_Project.Project_Assignment.TestCases" name="testCreatebooking" time="2.048"/>
  <testcase classname="New_Project.Project_Assignment.TestCases" name="testCreatetoken" time="1.359"/>
  <testcase classname="New_Project.Project_Assignment.TestCases" name="testGetBooking" time="1.393"/>
  <testcase classname="New_Project.Project_Assignment.TestCases" name="testGetBookingIds" time="1.377"/>
</testsuite> <!-- Demo API Tests -->
