<?xml version="1.0" encoding="UTF-8"?>
<testng-results ignored="0" total="4" passed="4" failed="0" skipped="0">
  <reporter-output>
  </reporter-output>
  <suite started-at="2022-05-26T09:48:45Z" name="Default suite" finished-at="2022-05-26T09:48:53Z" duration-ms="7659">
    <groups>
    </groups>
    <test started-at="2022-05-26T09:48:45Z" name="Default test" finished-at="2022-05-26T09:48:53Z" duration-ms="7659">
      <class name="New_Project.SampleProject.TestCases">
        <test-method is-config="true" signature="serSpecification()[pri:0, instance:New_Project.SampleProject.TestCases@5117dd67]" started-at="2022-05-26T09:48:45Z" name="serSpecification" finished-at="2022-05-26T09:48:46Z" duration-ms="1207" status="PASS">
          <reporter-output>
          </reporter-output>
        </test-method> <!-- serSpecification -->
        <test-method signature="testCreateUser()[pri:0, instance:New_Project.SampleProject.TestCases@5117dd67]" started-at="2022-05-26T09:48:46Z" name="testCreateUser" finished-at="2022-05-26T09:48:48Z" duration-ms="1655" status="PASS">
          <reporter-output>
          </reporter-output>
        </test-method> <!-- testCreateUser -->
        <test-method signature="testFetchUser()[pri:0, instance:New_Project.SampleProject.TestCases@5117dd67]" started-at="2022-05-26T09:48:48Z" name="testFetchUser" finished-at="2022-05-26T09:48:52Z" duration-ms="3577" status="PASS">
          <reporter-output>
          </reporter-output>
        </test-method> <!-- testFetchUser -->
        <test-method signature="testLoginSuccessful()[pri:0, instance:New_Project.SampleProject.TestCases@5117dd67]" started-at="2022-05-26T09:48:52Z" name="testLoginSuccessful" finished-at="2022-05-26T09:48:52Z" duration-ms="596" status="PASS">
          <reporter-output>
          </reporter-output>
        </test-method> <!-- testLoginSuccessful -->
        <test-method signature="testSingleUser()[pri:0, instance:New_Project.SampleProject.TestCases@5117dd67]" started-at="2022-05-26T09:48:52Z" name="testSingleUser" finished-at="2022-05-26T09:48:53Z" duration-ms="590" status="PASS">
          <reporter-output>
          </reporter-output>
        </test-method> <!-- testSingleUser -->
      </class> <!-- New_Project.SampleProject.TestCases -->
    </test> <!-- Default test -->
  </suite> <!-- Default suite -->
</testng-results>
