<?xml version="1.0" encoding="UTF-8"?>
<testng-results ignored="0" total="4" passed="4" failed="0" skipped="0">
  <reporter-output>
  </reporter-output>
  <suite started-at="2022-05-30T05:24:13Z" name="Test Suite" finished-at="2022-05-30T05:24:20Z" duration-ms="7077">
    <groups>
    </groups>
    <test started-at="2022-05-30T05:24:13Z" name="Demo API Tests" finished-at="2022-05-30T05:24:20Z" duration-ms="7077">
      <class name="New_Project.SampleProject.TestCases">
        <test-method is-config="true" signature="serSpecification()[pri:0, instance:New_Project.SampleProject.TestCases@4c309d4d]" started-at="2022-05-30T05:24:13Z" name="serSpecification" finished-at="2022-05-30T05:24:14Z" duration-ms="827" status="PASS">
          <reporter-output>
          </reporter-output>
        </test-method> <!-- serSpecification -->
        <test-method signature="testCreateUser()[pri:0, instance:New_Project.SampleProject.TestCases@4c309d4d]" started-at="2022-05-30T05:24:14Z" name="testCreateUser" description="Creating the user" finished-at="2022-05-30T05:24:15Z" duration-ms="1521" status="PASS">
          <reporter-output>
          </reporter-output>
        </test-method> <!-- testCreateUser -->
        <test-method signature="testFetchUser()[pri:0, instance:New_Project.SampleProject.TestCases@4c309d4d]" started-at="2022-05-30T05:24:15Z" name="testFetchUser" description="Fetching the users" finished-at="2022-05-30T05:24:19Z" duration-ms="3591" status="PASS">
          <reporter-output>
          </reporter-output>
        </test-method> <!-- testFetchUser -->
        <test-method signature="testLoginSuccessful()[pri:0, instance:New_Project.SampleProject.TestCases@4c309d4d]" started-at="2022-05-30T05:24:19Z" name="testLoginSuccessful" description="testing whether the login is successful or not" finished-at="2022-05-30T05:24:20Z" duration-ms="579" status="PASS">
          <reporter-output>
          </reporter-output>
        </test-method> <!-- testLoginSuccessful -->
        <test-method signature="testSingleUser()[pri:0, instance:New_Project.SampleProject.TestCases@4c309d4d]" started-at="2022-05-30T05:24:20Z" name="testSingleUser" description="Testing the single user" finished-at="2022-05-30T05:24:20Z" duration-ms="531" status="PASS">
          <reporter-output>
          </reporter-output>
        </test-method> <!-- testSingleUser -->
      </class> <!-- New_Project.SampleProject.TestCases -->
    </test> <!-- Demo API Tests -->
  </suite> <!-- Test Suite -->
</testng-results>
