<?xml version="1.0" encoding="UTF-8"?>
<testng-results ignored="0" total="5" passed="5" failed="0" skipped="0">
  <reporter-output>
  </reporter-output>
  <suite started-at="2022-05-30T05:24:00Z" name="Test Suite" finished-at="2022-05-30T05:24:10Z" duration-ms="9848">
    <groups>
    </groups>
    <test started-at="2022-05-30T05:24:00Z" name="Demo API Tests" finished-at="2022-05-30T05:24:10Z" duration-ms="9848">
      <class name="New_Project.Project_Assignment.TestCases">
        <test-method is-config="true" signature="serSpecification()[pri:0, instance:New_Project.Project_Assignment.TestCases@38102d01]" started-at="2022-05-30T05:24:00Z" name="serSpecification" finished-at="2022-05-30T05:24:01Z" duration-ms="1069" status="PASS">
          <reporter-output>
          </reporter-output>
        </test-method> <!-- serSpecification -->
        <test-method signature="HealthCheck()[pri:0, instance:New_Project.Project_Assignment.TestCases@38102d01]" started-at="2022-05-30T05:24:01Z" name="HealthCheck" description="Checking the health" finished-at="2022-05-30T05:24:04Z" duration-ms="2573" status="PASS">
          <reporter-output>
          </reporter-output>
        </test-method> <!-- HealthCheck -->
        <test-method signature="testCreatebooking()[pri:0, instance:New_Project.Project_Assignment.TestCases@38102d01]" started-at="2022-05-30T05:24:04Z" name="testCreatebooking" description="Creating the Booking" finished-at="2022-05-30T05:24:06Z" duration-ms="2048" status="PASS">
          <reporter-output>
          </reporter-output>
        </test-method> <!-- testCreatebooking -->
        <test-method signature="testCreatetoken()[pri:0, instance:New_Project.Project_Assignment.TestCases@38102d01]" started-at="2022-05-30T05:24:06Z" name="testCreatetoken" description="Creating the token" finished-at="2022-05-30T05:24:07Z" duration-ms="1359" status="PASS">
          <reporter-output>
          </reporter-output>
        </test-method> <!-- testCreatetoken -->
        <test-method signature="testGetBooking()[pri:0, instance:New_Project.Project_Assignment.TestCases@38102d01]" started-at="2022-05-30T05:24:07Z" name="testGetBooking" description="Getting the booking" finished-at="2022-05-30T05:24:09Z" duration-ms="1393" status="PASS">
          <reporter-output>
          </reporter-output>
        </test-method> <!-- testGetBooking -->
        <test-method signature="testGetBookingIds()[pri:0, instance:New_Project.Project_Assignment.TestCases@38102d01]" started-at="2022-05-30T05:24:09Z" name="testGetBookingIds" description="Getting the booking IDs" finished-at="2022-05-30T05:24:10Z" duration-ms="1377" status="PASS">
          <reporter-output>
          </reporter-output>
        </test-method> <!-- testGetBookingIds -->
      </class> <!-- New_Project.Project_Assignment.TestCases -->
    </test> <!-- Demo API Tests -->
  </suite> <!-- Test Suite -->
</testng-results>
